<?xml version="1.0" encoding="UTF-8"?>
<!-- Generated by org.testng.reporters.JUnitReportReporter -->
<testsuite skipped="0" hostname="DESKTOP-GH0O435" name="Com.qa.hubspot.tests.HomePageTest" tests="2" failures="0" timestamp="27 Apr 2020 20:11:34 GMT" time="0.119" errors="0">
  <testcase name="verifyHomePageTitleTest" time="0.012" classname="Com.qa.hubspot.tests.HomePageTest"/>
  <testcase name="verifyHomePageHeaderTest" time="0.107" classname="Com.qa.hubspot.tests.HomePageTest"/>
</testsuite> <!-- Com.qa.hubspot.tests.HomePageTest -->
