<?xml version="1.0" encoding="UTF-8"?>
<!-- Generated by org.testng.reporters.JUnitReportReporter -->
<testsuite skipped="0" hostname="DESKTOP-GH0O435" name="Com.qa.hubspot.tests.HomePageTest" tests="2" failures="0" timestamp="30 Apr 2020 21:10:00 GMT" time="0.197" errors="0">
  <testcase name="verifyHomePageTitleTest" time="0.039" classname="Com.qa.hubspot.tests.HomePageTest"/>
  <testcase name="verifyHomePageHeaderTest" time="0.158" classname="Com.qa.hubspot.tests.HomePageTest"/>
</testsuite> <!-- Com.qa.hubspot.tests.HomePageTest -->
