<?xml version="1.0" encoding="UTF-8"?>
<!-- Generated by org.testng.reporters.JUnitReportReporter -->
<testsuite skipped="1" hostname="DESKTOP-GH0O435" name="Com.qa.hubspot.tests.LoginPageTest" tests="3" failures="0" timestamp="30 Apr 2020 21:10:00 GMT" time="0.534" errors="0">
  <testcase name="verifySignUpLinkTest" time="0.042" classname="Com.qa.hubspot.tests.LoginPageTest"/>
  <testcase name="loginTest" time="0.492" classname="Com.qa.hubspot.tests.LoginPageTest"/>
  <testcase name="verifyLoginPageTitleTest" classname="Com.qa.hubspot.tests.LoginPageTest">
    <skipped/>
  </testcase> <!-- verifyLoginPageTitleTest -->
</testsuite> <!-- Com.qa.hubspot.tests.LoginPageTest -->
